<?xml version="1.0" encoding="UTF-8"?>
<testng-results ignored="0" total="1" passed="1" failed="0" skipped="0">
  <reporter-output>
    <line>
      <![CDATA[sanju]]>
    </line>
  </reporter-output>
  <suite started-at="2023-01-10T16:22:17 IST" name="Default suite" finished-at="2023-01-10T16:22:23 IST" duration-ms="6042">
    <groups>
    </groups>
    <test started-at="2023-01-10T16:22:17 IST" name="Default test" finished-at="2023-01-10T16:22:23 IST" duration-ms="6042">
      <class name="Genericmethods.test">
        <test-method signature="ma()[pri:0, instance:Genericmethods.test@2b91004a]" started-at="2023-01-10T16:22:17 IST" name="ma" finished-at="2023-01-10T16:22:23 IST" duration-ms="5984" status="PASS">
          <reporter-output>
            <line>
              <![CDATA[sanju]]>
            </line>
          </reporter-output>
        </test-method> <!-- ma -->
      </class> <!-- Genericmethods.test -->
    </test> <!-- Default test -->
  </suite> <!-- Default suite -->
</testng-results>
