<?xml version="1.0" encoding="UTF-8"?>
<testng-results ignored="0" total="1" passed="1" failed="0" skipped="0">
  <reporter-output>
  </reporter-output>
  <suite started-at="2023-01-05T22:11:42 IST" name="Default suite" finished-at="2023-01-05T22:11:48 IST" duration-ms="5685">
    <groups>
    </groups>
    <test started-at="2023-01-05T22:11:42 IST" name="Default test" finished-at="2023-01-05T22:11:48 IST" duration-ms="5685">
      <class name="Genericmethods.test">
        <test-method signature="ma()[pri:0, instance:Genericmethods.test@56cdfb3b]" started-at="2023-01-05T22:11:42 IST" name="ma" finished-at="2023-01-05T22:11:48 IST" duration-ms="5621" status="PASS">
          <reporter-output>
          </reporter-output>
        </test-method> <!-- ma -->
      </class> <!-- Genericmethods.test -->
    </test> <!-- Default test -->
  </suite> <!-- Default suite -->
</testng-results>
